<?xml version="1.0" encoding="UTF-8"?>
<!-- Generated by org.testng.reporters.JUnitXMLReporter -->
<testsuite ignored="0" hostname="DanSannLab" failures="0" tests="15" name="Test" time="168.071" errors="0" timestamp="2023-06-20T11:36:43 EDT">
  <testcase classname="seleniumtests.SyntaxDropDownDemo" name="checkDropDownList" time="2.692"/>
  <testcase classname="seleniumtests.FramesDemo" name="testSwitchingFrames" time="0.513"/>
  <testcase classname="seleniumtests.SyntaxCheckBoxDemo" name="testMultipleCheckBoxes" time="8.282"/>
  <testcase classname="seleniumtests.SyntaxCheckBoxDemo" name="testSingleCheckBox" time="2.079"/>
  <testcase classname="seleniumtests.SyntaxCheckBoxDemo" name="testWaitOfSingleCheckBox" time="10.083"/>
  <testcase classname="seleniumtests.JSExecutionDemo" name="testJSExectionsOnAmazonWebsite" time="6.113"/>
  <testcase classname="seleniumtests.ReviewTable" name="testTable" time="1.572"/>
  <testcase classname="seleniumtests.ReviewTable" name="checkBoxWhereStateIsUSAndCardIsMastercard" time="0.211"/>
  <testcase classname="seleniumtests.FacebookLogIn" name="checkFacebookInvalidLogIn" time="34.464"/>
  <testcase classname="seleniumtests.WaitsReview" name="testWaits" time="7.676"/>
  <testcase classname="seleniumtests.VerifyURLAndTitle" name="verifyFacebookURLAndTitleAfterNavigationBackAndForward" time="12.293"/>
  <testcase classname="seleniumtests.AlertsDemo" name="testAlertFunctionality" time="9.208"/>
  <testcase classname="seleniumtests.WindowHandlesDemo" name="changeWindowHandles" time="9.498"/>
  <testcase classname="seleniumtests.CalanderDemo" name="testCalandarFunctionality" time="3.893"/>
  <testcase classname="seleniumtests.FileUpload" name="testUploadingFile" time="0.694"/>
</testsuite> <!-- Test -->
