<?xml version="1.0" encoding="UTF-8"?>
<testng-results ignored="0" total="1" passed="1" failed="0" skipped="0">
  <reporter-output>
  </reporter-output>
  <suite started-at="2023-07-29T13:42:53 EDT" name="Default suite" finished-at="2023-07-29T13:42:54 EDT" duration-ms="638">
    <groups>
    </groups>
    <test started-at="2023-07-29T13:42:53 EDT" name="Default test" finished-at="2023-07-29T13:42:54 EDT" duration-ms="638">
      <class name="seleniumDBtests.SelectAllPerson">
        <test-method is-config="true" signature="prepareTest()[pri:0, instance:seleniumDBtests.SelectAllPerson@59309333]" started-at="2023-07-29T13:42:53 EDT" name="prepareTest" finished-at="2023-07-29T13:42:54 EDT" duration-ms="498" status="PASS">
          <reporter-output>
          </reporter-output>
        </test-method> <!-- prepareTest -->
        <test-method signature="printDBTable()[pri:0, instance:seleniumDBtests.SelectAllPerson@59309333]" started-at="2023-07-29T13:42:54 EDT" name="printDBTable" finished-at="2023-07-29T13:42:54 EDT" duration-ms="82" status="PASS">
          <reporter-output>
          </reporter-output>
        </test-method> <!-- printDBTable -->
      </class> <!-- seleniumDBtests.SelectAllPerson -->
    </test> <!-- Default test -->
  </suite> <!-- Default suite -->
</testng-results>
